[debug] [2024-01-05T18:29:53.595Z] ----------------------------------------------------------------------
[debug] [2024-01-05T18:29:53.600Z] Command:       C:\Program Files\nodejs\node.exe C:\Users\NIKITA DIVE\AppData\Roaming\npm\node_modules\firebase-tools\lib\bin\firebase.js init database
[debug] [2024-01-05T18:29:53.601Z] CLI Version:   13.0.2
[debug] [2024-01-05T18:29:53.602Z] Platform:      win32
[debug] [2024-01-05T18:29:53.602Z] Node Version:  v18.17.1
[debug] [2024-01-05T18:29:53.605Z] Time:          Fri Jan 05 2024 23:59:53 GMT+0530 (India Standard Time)
[debug] [2024-01-05T18:29:53.605Z] ----------------------------------------------------------------------
[debug] 
[debug] [2024-01-05T18:29:53.792Z] > command requires scopes: ["email","openid","https://www.googleapis.com/auth/cloudplatformprojects.readonly","https://www.googleapis.com/auth/firebase","https://www.googleapis.com/auth/cloud-platform"]
[debug] [2024-01-05T18:29:53.794Z] > authorizing via signed-in user (rushikeshdive6249@gmail.com)
[info] 
     ######## #### ########  ######## ########     ###     ######  ########
     ##        ##  ##     ## ##       ##     ##  ##   ##  ##       ##
     ######    ##  ########  ######   ########  #########  ######  ######
     ##        ##  ##    ##  ##       ##     ## ##     ##       ## ##
     ##       #### ##     ## ######## ########  ##     ##  ######  ########

You're about to initialize a Firebase project in this directory:

  C:\react projects\Netflix clone\my-netflix

Before we get started, keep in mind:

  * You are currently outside your home directory
  * You are initializing within an existing Firebase project directory

[info] 
=== Project Setup
[info] 
[info] First, let's associate this project directory with a Firebase project.
[info] You can create multiple project aliases by running firebase use --add, 
[info] but for now we'll just set up a default project.
[info] 
[debug] [2024-01-05T18:29:57.140Z] Using project from CLI flag: netflix-clone-767dd
[debug] [2024-01-05T18:29:57.147Z] >>> [apiv2][query] GET https://firebase.googleapis.com/v1beta1/projects/netflix-clone-767dd [none]
[debug] [2024-01-05T18:29:58.010Z] <<< [apiv2][status] GET https://firebase.googleapis.com/v1beta1/projects/netflix-clone-767dd 200
[debug] [2024-01-05T18:29:58.011Z] <<< [apiv2][body] GET https://firebase.googleapis.com/v1beta1/projects/netflix-clone-767dd {"projectId":"netflix-clone-767dd","projectNumber":"395410937368","displayName":"netflix clone","name":"projects/netflix-clone-767dd","resources":{"hostingSite":"netflix-clone-767dd"},"state":"ACTIVE","etag":"1_f558ed7d-de56-47de-8462-bb6ffc45326b"}
[info] i  Using project netflix-clone-767dd (netflix clone) 
[info] 
=== Database Setup
[info] i  database: ensuring required API firebasedatabase.googleapis.com is enabled... 
[debug] [2024-01-05T18:29:58.042Z] >>> [apiv2][query] GET https://serviceusage.googleapis.com/v1/projects/netflix-clone-767dd/services/firebasedatabase.googleapis.com [none]
[debug] [2024-01-05T18:29:58.042Z] >>> [apiv2][(partial)header] GET https://serviceusage.googleapis.com/v1/projects/netflix-clone-767dd/services/firebasedatabase.googleapis.com x-goog-quota-user=projects/netflix-clone-767dd
[debug] [2024-01-05T18:30:00.037Z] <<< [apiv2][status] GET https://serviceusage.googleapis.com/v1/projects/netflix-clone-767dd/services/firebasedatabase.googleapis.com 200
[debug] [2024-01-05T18:30:00.037Z] <<< [apiv2][body] GET https://serviceusage.googleapis.com/v1/projects/netflix-clone-767dd/services/firebasedatabase.googleapis.com [omitted]
[warn] !  database: missing required API firebasedatabase.googleapis.com. Enabling now... 
[debug] [2024-01-05T18:30:00.043Z] >>> [apiv2][query] POST https://serviceusage.googleapis.com/v1/projects/netflix-clone-767dd/services/firebasedatabase.googleapis.com:enable [none]
[debug] [2024-01-05T18:30:00.043Z] >>> [apiv2][(partial)header] POST https://serviceusage.googleapis.com/v1/projects/netflix-clone-767dd/services/firebasedatabase.googleapis.com:enable x-goog-quota-user=projects/netflix-clone-767dd
[debug] [2024-01-05T18:30:02.289Z] <<< [apiv2][status] POST https://serviceusage.googleapis.com/v1/projects/netflix-clone-767dd/services/firebasedatabase.googleapis.com:enable 200
[debug] [2024-01-05T18:30:02.289Z] <<< [apiv2][body] POST https://serviceusage.googleapis.com/v1/projects/netflix-clone-767dd/services/firebasedatabase.googleapis.com:enable [omitted]
[debug] [2024-01-05T18:30:12.308Z] >>> [apiv2][query] GET https://serviceusage.googleapis.com/v1/projects/netflix-clone-767dd/services/firebasedatabase.googleapis.com [none]
[debug] [2024-01-05T18:30:12.310Z] >>> [apiv2][(partial)header] GET https://serviceusage.googleapis.com/v1/projects/netflix-clone-767dd/services/firebasedatabase.googleapis.com x-goog-quota-user=projects/netflix-clone-767dd
[debug] [2024-01-05T18:30:14.092Z] <<< [apiv2][status] GET https://serviceusage.googleapis.com/v1/projects/netflix-clone-767dd/services/firebasedatabase.googleapis.com 200
[debug] [2024-01-05T18:30:14.093Z] <<< [apiv2][body] GET https://serviceusage.googleapis.com/v1/projects/netflix-clone-767dd/services/firebasedatabase.googleapis.com [omitted]
[info] +  database: required API firebasedatabase.googleapis.com is enabled 
[info] 
[debug] [2024-01-05T18:30:14.110Z] >>> [apiv2][query] GET https://firebase.googleapis.com/v1beta1/projects/netflix-clone-767dd [none]
[debug] [2024-01-05T18:30:14.542Z] <<< [apiv2][status] GET https://firebase.googleapis.com/v1beta1/projects/netflix-clone-767dd 200
[debug] [2024-01-05T18:30:14.543Z] <<< [apiv2][body] GET https://firebase.googleapis.com/v1beta1/projects/netflix-clone-767dd {"projectId":"netflix-clone-767dd","projectNumber":"395410937368","displayName":"netflix clone","name":"projects/netflix-clone-767dd","resources":{"hostingSite":"netflix-clone-767dd"},"state":"ACTIVE","etag":"1_f558ed7d-de56-47de-8462-bb6ffc45326b"}
[debug] [2024-01-05T18:30:31.099Z] >>> [apiv2][query] POST https://firebasedatabase.googleapis.com/v1beta/projects/netflix-clone-767dd/locations/asia-southeast1/instances databaseId=netflix-clone-767dd-default-rtdb&validateOnly=true
[debug] [2024-01-05T18:30:31.099Z] >>> [apiv2][body] POST https://firebasedatabase.googleapis.com/v1beta/projects/netflix-clone-767dd/locations/asia-southeast1/instances {"type":"default_database"}
[debug] [2024-01-05T18:30:33.212Z] <<< [apiv2][status] POST https://firebasedatabase.googleapis.com/v1beta/projects/netflix-clone-767dd/locations/asia-southeast1/instances 200
[debug] [2024-01-05T18:30:33.213Z] <<< [apiv2][body] POST https://firebasedatabase.googleapis.com/v1beta/projects/netflix-clone-767dd/locations/asia-southeast1/instances {"name":"projects/395410937368/locations/asia-southeast1/instances/netflix-clone-767dd-default-rtdb","project":"projects/395410937368","databaseUrl":"https://netflix-clone-767dd-default-rtdb.asia-southeast1.firebasedatabase.app","type":"DEFAULT_DATABASE","state":"ACTIVE"}
[debug] [2024-01-05T18:30:33.223Z] >>> [apiv2][query] POST https://firebasedatabase.googleapis.com/v1beta/projects/netflix-clone-767dd/locations/asia-southeast1/instances databaseId=netflix-clone-767dd-default-rtdb
[debug] [2024-01-05T18:30:33.224Z] >>> [apiv2][body] POST https://firebasedatabase.googleapis.com/v1beta/projects/netflix-clone-767dd/locations/asia-southeast1/instances {"type":"default_database"}
[debug] [2024-01-05T18:30:35.575Z] <<< [apiv2][status] POST https://firebasedatabase.googleapis.com/v1beta/projects/netflix-clone-767dd/locations/asia-southeast1/instances 200
[debug] [2024-01-05T18:30:35.576Z] <<< [apiv2][body] POST https://firebasedatabase.googleapis.com/v1beta/projects/netflix-clone-767dd/locations/asia-southeast1/instances {"name":"projects/395410937368/locations/asia-southeast1/instances/netflix-clone-767dd-default-rtdb","project":"projects/395410937368","databaseUrl":"https://netflix-clone-767dd-default-rtdb.asia-southeast1.firebasedatabase.app","type":"DEFAULT_DATABASE","state":"ACTIVE"}
[info] 
[info] Firebase Realtime Database Security Rules allow you to define how your data should be
[info] structured and when your data can be read from and written to.
[info] 
